Arguments: 
  C:\Program Files\nodejs\node.exe C:\Users\sango\AppData\Roaming\npm\node_modules\yarn\bin\yarn.js add cors

PATH: 
  C:\Python311\Scripts\;C:\Python311\;C:\WINDOWS\system32;C:\WINDOWS;C:\WINDOWS\System32\Wbem;C:\WINDOWS\System32\WindowsPowerShell\v1.0\;C:\WINDOWS\System32\OpenSSH\;C:\Program Files\dotnet\;C:\ProgramData\chocolatey\bin;C:\Program Files\nodejs\;C:\Program Files\MySQL\MySQL Server 8.0\bin;C:\Program Files\OpenSSL\bin;C:\Program Files\Git\cmd;C:\Program Files\MySQL\MySQL Shell 8.0\bin\;C:\Users\sango\AppData\Local\Programs\Python\Python310\Scripts\;C:\Users\sango\AppData\Local\Programs\Python\Python310\;C:\Users\sango\AppData\Local\Microsoft\WindowsApps;;C:\Users\sango\AppData\Local\Programs\Microsoft VS Code\bin;C:\Users\sango\AppData\Roaming\npm

Yarn version: 
  1.22.19

Node version: 
  18.14.2

Platform: 
  win32 x64

Trace: 
  Error: EPERM: operation not permitted, unlink 'D:\fiverr\api\node_modules\bcrypt\lib\binding\napi-v3\bcrypt_lib.node'

npm manifest: 
  {
    "name": "api",
    "version": "1.0.0",
    "description": "",
    "main": "server.js",
    "type": "module",
    "scripts": {
      "start": "nodemon server.js"
    },
    "keywords": [],
    "author": "",
    "license": "ISC",
    "dependencies": {
      "bcrypt": "^5.1.0",
      "cookie-parser": "^1.4.6",
      "dotenv": "^16.0.3",
      "express": "^4.18.2",
      "jsonwebtoken": "^9.0.0",
      "mongoose": "^7.1.1",
      "nodemon": "^2.0.22"
    }
  }

yarn manifest: 
  No manifest

Lockfile: 
  No lockfile
